thread 'main' panicked at src/main.rs:101:84:
called `Option::unwrap()` on a `None` value
stack backtrace:
   0: rust_begin_unwind
             at /rustc/82e1608dfa6e0b5569232559e3d385fea5a93112/library/std/src/panicking.rs:645:5
   1: core::panicking::panic_fmt
             at /rustc/82e1608dfa6e0b5569232559e3d385fea5a93112/library/core/src/panicking.rs:72:14
   2: core::panicking::panic
             at /rustc/82e1608dfa6e0b5569232559e3d385fea5a93112/library/core/src/panicking.rs:127:5
   3: gene_finder::main
note: Some details are omitted, run with `RUST_BACKTRACE=full` for a verbose backtrace.
thread 'main' panicked at src/main.rs:101:84:
called `Option::unwrap()` on a `None` value
stack backtrace:
   0: rust_begin_unwind
             at /rustc/82e1608dfa6e0b5569232559e3d385fea5a93112/library/std/src/panicking.rs:645:5
   1: core::panicking::panic_fmt
             at /rustc/82e1608dfa6e0b5569232559e3d385fea5a93112/library/core/src/panicking.rs:72:14
   2: core::panicking::panic
             at /rustc/82e1608dfa6e0b5569232559e3d385fea5a93112/library/core/src/panicking.rs:127:5
   3: gene_finder::main
note: Some details are omitted, run with `RUST_BACKTRACE=full` for a verbose backtrace.
thread 'main' panicked at src/main.rs:101:84:
called `Option::unwrap()` on a `None` value
stack backtrace:
   0: rust_begin_unwind
             at /rustc/82e1608dfa6e0b5569232559e3d385fea5a93112/library/std/src/panicking.rs:645:5
   1: core::panicking::panic_fmt
             at /rustc/82e1608dfa6e0b5569232559e3d385fea5a93112/library/core/src/panicking.rs:72:14
   2: core::panicking::panic
             at /rustc/82e1608dfa6e0b5569232559e3d385fea5a93112/library/core/src/panicking.rs:127:5
   3: gene_finder::main
note: Some details are omitted, run with `RUST_BACKTRACE=full` for a verbose backtrace.
thread 'main' panicked at src/main.rs:141:62:
called `Option::unwrap()` on a `None` value
stack backtrace:
   0: rust_begin_unwind
             at /rustc/82e1608dfa6e0b5569232559e3d385fea5a93112/library/std/src/panicking.rs:645:5
   1: core::panicking::panic_fmt
             at /rustc/82e1608dfa6e0b5569232559e3d385fea5a93112/library/core/src/panicking.rs:72:14
   2: core::panicking::panic
             at /rustc/82e1608dfa6e0b5569232559e3d385fea5a93112/library/core/src/panicking.rs:127:5
   3: gene_finder::main
note: Some details are omitted, run with `RUST_BACKTRACE=full` for a verbose backtrace.
thread 'main' panicked at src/main.rs:141:62:
called `Option::unwrap()` on a `None` value
stack backtrace:
   0: rust_begin_unwind
             at /rustc/82e1608dfa6e0b5569232559e3d385fea5a93112/library/std/src/panicking.rs:645:5
   1: core::panicking::panic_fmt
             at /rustc/82e1608dfa6e0b5569232559e3d385fea5a93112/library/core/src/panicking.rs:72:14
   2: core::panicking::panic
             at /rustc/82e1608dfa6e0b5569232559e3d385fea5a93112/library/core/src/panicking.rs:127:5
   3: gene_finder::main
note: Some details are omitted, run with `RUST_BACKTRACE=full` for a verbose backtrace.
slurmstepd-pbil-deb29: error: *** JOB 1338915 ON pbil-deb29 CANCELLED AT 2024-11-04T10:52:30 ***
