Number of comps : 129
Computing the genes of the component  0...
Computing the genes of the component  39...
Percentage of unitigs covering TE: 100.00%
Number of distinct TE: 2
Mean distance of the genes: 140.45
Percentage of exon genes: 56.39%
Percentage of unitigs covering TE: 100.00%
Number of distinct TE: 7
Mean distance of the genes: 75.83
Percentage of exon genes: 33.33%
Computing the genes of the component  40...
Percentage of unitigs covering TE: 100.00%
Number of distinct TE: 2
Mean distance of the genes: 75.33
Percentage of exon genes: 81.48%
Computing the genes of the component  41...
Percentage of unitigs covering TE: 6.67%
Number of distinct TE: 1
Mean distance of the genes: 51.44
Percentage of exon genes: 97.83%
Computing the genes of the component  42...
Percentage of unitigs covering TE: 0.00%
Number of distinct TE: 0
Mean distance of the genes: 201.23
Percentage of exon genes: 53.85%
Computing the genes of the component  43...
Percentage of unitigs covering TE: 0.00%
Number of distinct TE: 0
Mean distance of the genes: 43.86
Percentage of exon genes: 28.57%
Computing the genes of the component  44...
Percentage of unitigs covering TE: 100.00%
Number of distinct TE: 8
Mean distance of the genes: 126.00
Percentage of exon genes: 55.56%
Computing the genes of the component  45...
Percentage of unitigs covering TE: 100.00%
Number of distinct TE: 7
Mean distance of the genes: 223.84
Percentage of exon genes: 68.00%
Computing the genes of the component  46...
Percentage of unitigs covering TE: 100.00%
Number of distinct TE: 2
Mean distance of the genes: 75.71
Percentage of exon genes: 78.57%
Computing the genes of the component  47...
Percentage of unitigs covering TE: 100.00%
Number of distinct TE: 1
Mean distance of the genes: 113.82
Percentage of exon genes: 97.37%
Computing the genes of the component  48...
Percentage of unitigs covering TE: 93.33%
Number of distinct TE: 7
Mean distance of the genes: 100.15
Percentage of exon genes: 63.64%
Computing the genes of the component  49...
Percentage of unitigs covering TE: 100.00%
Number of distinct TE: 1
Mean distance of the genes: 129.83
Percentage of exon genes: 71.95%
Computing the genes of the component  50...
Percentage of unitigs covering TE: 100.00%
Number of distinct TE: 1
Mean distance of the genes: 99.93
Percentage of exon genes: 57.14%
Computing the genes of the component  51...
Percentage of unitigs covering TE: 100.00%
Number of distinct TE: 6
Mean distance of the genes: 97.53
Percentage of exon genes: 60.00%
Computing the genes of the component  52...
Percentage of unitigs covering TE: 0.00%
Number of distinct TE: 0
Mean distance of the genes: 384.67
Percentage of exon genes: 44.44%
Computing the genes of the component  53...
Percentage of unitigs covering TE: 100.00%
Number of distinct TE: 1
Mean distance of the genes: 106.88
Percentage of exon genes: 12.50%
Computing the genes of the component  54...
Percentage of unitigs covering TE: 100.00%
Number of distinct TE: 7
Mean distance of the genes: 146.84
Percentage of exon genes: 46.88%
Computing the genes of the component  55...
Percentage of unitigs covering TE: 100.00%
Number of distinct TE: 1
Mean distance of the genes: 109.76
Percentage of exon genes: 58.82%
Computing the genes of the component  56...
Percentage of unitigs covering TE: 83.33%
Number of distinct TE: 2
Mean distance of the genes: 1.00
Percentage of exon genes: 0.00%
Computing the genes of the component  57...
Percentage of unitigs covering TE: 100.00%
Number of distinct TE: 4
Mean distance of the genes: 68.00
Percentage of exon genes: 0.00%
Computing the genes of the component  58...
Percentage of unitigs covering TE: 100.00%
Number of distinct TE: 2
Mean distance of the genes: 66.00
Percentage of exon genes: 50.00%
Computing the genes of the component  59...
Percentage of unitigs covering TE: 0.00%
Number of distinct TE: 0
Mean distance of the genes: 58.91
Percentage of exon genes: 97.66%
Computing the genes of the component  60...
Percentage of unitigs covering TE: 100.00%
Number of distinct TE: 1
Mean distance of the genes: NaN
Percentage of exon genes: NaN%
Computing the genes of the component  61...
Percentage of unitigs covering TE: 100.00%
Number of distinct TE: 5
Mean distance of the genes: 80.14
Percentage of exon genes: 85.71%
Computing the genes of the component  62...
Percentage of unitigs covering TE: 100.00%
Number of distinct TE: 1
Mean distance of the genes: 351.03
Percentage of exon genes: 39.34%
Computing the genes of the component  63...
Percentage of unitigs covering TE: 100.00%
Number of distinct TE: 1
Mean distance of the genes: 146.25
Percentage of exon genes: 37.50%
Computing the genes of the component  64...
Percentage of unitigs covering TE: 100.00%
Number of distinct TE: 4
Mean distance of the genes: 22.00
Percentage of exon genes: 0.00%
Computing the genes of the component  65...
Percentage of unitigs covering TE: 100.00%
Number of distinct TE: 7
Mean distance of the genes: 83.25
Percentage of exon genes: 75.00%
Computing the genes of the component  66...
Percentage of unitigs covering TE: 0.00%
Number of distinct TE: 0
Mean distance of the genes: 77.00
Percentage of exon genes: 50.00%
Computing the genes of the component  67...
Percentage of unitigs covering TE: 100.00%
Number of distinct TE: 2
Mean distance of the genes: 83.00
Percentage of exon genes: 50.00%
Computing the genes of the component  68...
Percentage of unitigs covering TE: 100.00%
Number of distinct TE: 6
Mean distance of the genes: 69.00
Percentage of exon genes: 0.00%
Computing the genes of the component  69...
Percentage of unitigs covering TE: 100.00%
Number of distinct TE: 1
Mean distance of the genes: 43.20
Percentage of exon genes: 0.00%
Computing the genes of the component  70...
Percentage of unitigs covering TE: 100.00%
Number of distinct TE: 1
Mean distance of the genes: 60.25
Percentage of exon genes: 0.00%
Computing the genes of the component  71...
Percentage of unitigs covering TE: 100.00%
Number of distinct TE: 2
Mean distance of the genes: 120.41
Percentage of exon genes: 17.65%
Computing the genes of the component  72...
Percentage of unitigs covering TE: 100.00%
Number of distinct TE: 3
Mean distance of the genes: 155.17
Percentage of exon genes: 66.67%
Computing the genes of the component  73...
Percentage of unitigs covering TE: 0.00%
Number of distinct TE: 0
Mean distance of the genes: 592.33
Percentage of exon genes: 83.33%
Computing the genes of the component  74...
Percentage of unitigs covering TE: 100.00%
Number of distinct TE: 1
Mean distance of the genes: 58.00
Percentage of exon genes: 66.67%
Computing the genes of the component  75...
Percentage of unitigs covering TE: 100.00%
Number of distinct TE: 4
Mean distance of the genes: 103.56
Percentage of exon genes: 33.33%
Computing the genes of the component  76...
Percentage of unitigs covering TE: 100.00%
Number of distinct TE: 5
Mean distance of the genes: 161.00
Percentage of exon genes: 100.00%
Computing the genes of the component  77...
Percentage of unitigs covering TE: 100.00%
Number of distinct TE: 1
Mean distance of the genes: 24.75
Percentage of exon genes: 0.00%
Computing the genes of the component  78...
Percentage of unitigs covering TE: 100.00%
Number of distinct TE: 1
Mean distance of the genes: 127.82
Percentage of exon genes: 86.36%
Computing the genes of the component  79...
Percentage of unitigs covering TE: 40.00%
Number of distinct TE: 1
Mean distance of the genes: 49.96
Percentage of exon genes: 100.00%
Computing the genes of the component  80...
Percentage of unitigs covering TE: 100.00%
Number of distinct TE: 1
Mean distance of the genes: 65.25
Percentage of exon genes: 100.00%
Computing the genes of the component  81...
Percentage of unitigs covering TE: 100.00%
Number of distinct TE: 3
Mean distance of the genes: 41.75
Percentage of exon genes: 0.00%
Computing the genes of the component  82...
Percentage of unitigs covering TE: 100.00%
Number of distinct TE: 1
Mean distance of the genes: 80.38
Percentage of exon genes: 42.31%
Computing the genes of the component  83...
Percentage of unitigs covering TE: 0.00%
Number of distinct TE: 0
Mean distance of the genes: 37.27
Percentage of exon genes: 18.18%
Computing the genes of the component  84...
Percentage of unitigs covering TE: 75.00%
Number of distinct TE: 1
Mean distance of the genes: 176.75
Percentage of exon genes: 50.00%
Computing the genes of the component  85...
Percentage of unitigs covering TE: 50.00%
Number of distinct TE: 2
Mean distance of the genes: 38.75
Percentage of exon genes: 0.00%
Computing the genes of the component  86...
Percentage of unitigs covering TE: 100.00%
Number of distinct TE: 5
Mean distance of the genes: NaN
Percentage of exon genes: NaN%
Computing the genes of the component  87...
Percentage of unitigs covering TE: 0.00%
Number of distinct TE: 0
Mean distance of the genes: 48.00
Percentage of exon genes: 0.00%
Computing the genes of the component  88...
Percentage of unitigs covering TE: 0.00%
Number of distinct TE: 0
Mean distance of the genes: 73.38
Percentage of exon genes: 37.50%
Computing the genes of the component  89...
Percentage of unitigs covering TE: 100.00%
Number of distinct TE: 1
Mean distance of the genes: 33.40
Percentage of exon genes: 60.00%
Computing the genes of the component  90...
Percentage of unitigs covering TE: 0.00%
Number of distinct TE: 0
Mean distance of the genes: 56.53
Percentage of exon genes: 97.37%
Computing the genes of the component  91...
Percentage of unitigs covering TE: 100.00%
Number of distinct TE: 3
Mean distance of the genes: 51.00
Percentage of exon genes: 100.00%
Computing the genes of the component  92...
Percentage of unitigs covering TE: 100.00%
Number of distinct TE: 2
Mean distance of the genes: 63.00
Percentage of exon genes: 16.67%
Computing the genes of the component  93...
Percentage of unitigs covering TE: 100.00%
Number of distinct TE: 6
Mean distance of the genes: 68.46
Percentage of exon genes: 61.54%
Computing the genes of the component  94...
Percentage of unitigs covering TE: 100.00%
Number of distinct TE: 3
Mean distance of the genes: 116.00
Percentage of exon genes: 50.00%
Computing the genes of the component  95...
Percentage of unitigs covering TE: 100.00%
Number of distinct TE: 4
Mean distance of the genes: 136.00
Percentage of exon genes: 0.00%
Computing the genes of the component  96...
Percentage of unitigs covering TE: 100.00%
Number of distinct TE: 2
Mean distance of the genes: 43.00
Percentage of exon genes: 0.00%
Computing the genes of the component  97...
Percentage of unitigs covering TE: 100.00%
Number of distinct TE: 4
Mean distance of the genes: 75.33
Percentage of exon genes: 0.00%
Computing the genes of the component  98...
Percentage of unitigs covering TE: 100.00%
Number of distinct TE: 1
Mean distance of the genes: NaN
Percentage of exon genes: NaN%
Computing the genes of the component  99...
Percentage of unitigs covering TE: 100.00%
Number of distinct TE: 4
Mean distance of the genes: 139.50
Percentage of exon genes: 88.09%
Computing the genes of the component  100...
Percentage of unitigs covering TE: 100.00%
Number of distinct TE: 2
Mean distance of the genes: 190.81
Percentage of exon genes: 100.00%
Computing the genes of the component  101...
Percentage of unitigs covering TE: 100.00%
Number of distinct TE: 4
Mean distance of the genes: 170.50
Percentage of exon genes: 89.90%
Computing the genes of the component  102...
Percentage of unitigs covering TE: 100.00%
Number of distinct TE: 9
Mean distance of the genes: 133.71
Percentage of exon genes: 53.66%
Computing the genes of the component  103...
Percentage of unitigs covering TE: 0.00%
Number of distinct TE: 0
Mean distance of the genes: 31.60
Percentage of exon genes: 20.00%
Computing the genes of the component  104...
Percentage of unitigs covering TE: 66.67%
Number of distinct TE: 3
Mean distance of the genes: 70.60
Percentage of exon genes: 60.00%
Computing the genes of the component  105...
Percentage of unitigs covering TE: 100.00%
Number of distinct TE: 2
Mean distance of the genes: 61.71
Percentage of exon genes: 100.00%
Computing the genes of the component  106...
Percentage of unitigs covering TE: 100.00%
Number of distinct TE: 7
Mean distance of the genes: 101.00
Percentage of exon genes: 0.00%
Computing the genes of the component  107...
Percentage of unitigs covering TE: 100.00%
Number of distinct TE: 4
Mean distance of the genes: 25.00
Percentage of exon genes: 66.67%
Computing the genes of the component  108...
Percentage of unitigs covering TE: 100.00%
Number of distinct TE: 2
Mean distance of the genes: 185.12
Percentage of exon genes: 37.50%
Computing the genes of the component  109...
Percentage of unitigs covering TE: 100.00%
Number of distinct TE: 1
Mean distance of the genes: 49.67
Percentage of exon genes: 0.00%
Computing the genes of the component  110...
Percentage of unitigs covering TE: 33.33%
Number of distinct TE: 2
Mean distance of the genes: 65.76
Percentage of exon genes: 41.18%
Computing the genes of the component  111...
Percentage of unitigs covering TE: 100.00%
Number of distinct TE: 1
Mean distance of the genes: 46.50
Percentage of exon genes: 0.00%
Computing the genes of the component  112...
Percentage of unitigs covering TE: 0.00%
Number of distinct TE: 0
Mean distance of the genes: NaN
Percentage of exon genes: NaN%
Computing the genes of the component  113...
Percentage of unitigs covering TE: 100.00%
Number of distinct TE: 2
Mean distance of the genes: 67.33
Percentage of exon genes: 33.33%
Computing the genes of the component  114...
Percentage of unitigs covering TE: 100.00%
Number of distinct TE: 3
Mean distance of the genes: 202.80
Percentage of exon genes: 0.00%
Computing the genes of the component  115...
Percentage of unitigs covering TE: 100.00%
Number of distinct TE: 8
Mean distance of the genes: 70.16
Percentage of exon genes: 47.37%
Computing the genes of the component  116...
Percentage of unitigs covering TE: 33.33%
Number of distinct TE: 1
Mean distance of the genes: 71.31
Percentage of exon genes: 100.00%
Computing the genes of the component  117...
Percentage of unitigs covering TE: 100.00%
Number of distinct TE: 3
Mean distance of the genes: 48.67
Percentage of exon genes: 16.67%
Computing the genes of the component  118...
Percentage of unitigs covering TE: 100.00%
Number of distinct TE: 2
Mean distance of the genes: NaN
Percentage of exon genes: NaN%
Computing the genes of the component  119...
Percentage of unitigs covering TE: 100.00%
Number of distinct TE: 4
Mean distance of the genes: 188.30
Percentage of exon genes: 60.00%
Computing the genes of the component  120...
Percentage of unitigs covering TE: 100.00%
Number of distinct TE: 4
Mean distance of the genes: 86.85
Percentage of exon genes: 30.77%
Computing the genes of the component  121...
Percentage of unitigs covering TE: 0.00%
Number of distinct TE: 0
Mean distance of the genes: 34.67
Percentage of exon genes: 0.00%
Computing the genes of the component  122...
Percentage of unitigs covering TE: 100.00%
Number of distinct TE: 2
Mean distance of the genes: NaN
Percentage of exon genes: NaN%
Computing the genes of the component  123...
Percentage of unitigs covering TE: 100.00%
Number of distinct TE: 1
Mean distance of the genes: 66.00
Percentage of exon genes: 0.00%
Computing the genes of the component  124...
Percentage of unitigs covering TE: 100.00%
Number of distinct TE: 1
Mean distance of the genes: 99.83
Percentage of exon genes: 50.00%
Computing the genes of the component  125...
Percentage of unitigs covering TE: 0.00%
Number of distinct TE: 0
Mean distance of the genes: 60.88
Percentage of exon genes: 37.50%
Computing the genes of the component  126...
Percentage of unitigs covering TE: 100.00%
Number of distinct TE: 1
Mean distance of the genes: 48.00
Percentage of exon genes: 50.00%
Computing the genes of the component  127...
Percentage of unitigs covering TE: 0.00%
Number of distinct TE: 0
Mean distance of the genes: 545.50
Percentage of exon genes: 50.00%
Computing the genes of the component  128...
Percentage of unitigs covering TE: 100.00%
Number of distinct TE: 1
Mean distance of the genes: 26.00
Percentage of exon genes: 0.00%
Job finished
Time taken: 1279
